<?xml version="1.0" encoding="UTF-8"?>
<testng-results skipped="0" failed="0" ignored="0" total="1" passed="1">
  <reporter-output>
  </reporter-output>
  <suite name="Default suite" duration-ms="61782" started-at="2021-12-09T18:09:02Z" finished-at="2021-12-09T18:10:04Z">
    <groups>
    </groups>
    <test name="Default test" duration-ms="61782" started-at="2021-12-09T18:09:02Z" finished-at="2021-12-09T18:10:04Z">
      <class name="testcases.login_logout">
        <test-method status="PASS" signature="launch()[pri:0, instance:testcases.login_logout@55f3ddb1]" name="launch" is-config="true" duration-ms="39044" started-at="2021-12-09T23:39:03Z" finished-at="2021-12-09T23:39:42Z">
          <reporter-output>
          </reporter-output>
        </test-method> <!-- launch -->
        <test-method status="PASS" signature="testLoginLogout()[pri:0, instance:testcases.login_logout@55f3ddb1]" name="testLoginLogout" duration-ms="18103" started-at="2021-12-09T23:39:42Z" finished-at="2021-12-09T23:40:00Z">
          <reporter-output>
          </reporter-output>
        </test-method> <!-- testLoginLogout -->
        <test-method status="PASS" signature="quit()[pri:0, instance:testcases.login_logout@55f3ddb1]" name="quit" is-config="true" duration-ms="4540" started-at="2021-12-09T23:40:00Z" finished-at="2021-12-09T23:40:04Z">
          <reporter-output>
          </reporter-output>
        </test-method> <!-- quit -->
      </class> <!-- testcases.login_logout -->
    </test> <!-- Default test -->
  </suite> <!-- Default suite -->
</testng-results>
